2022-05-23 18:38:01 : Start
2022-05-23 18:38:01 : End
2022-05-23 18:46:25 : Start
2022-05-23 18:46:25 : End
2022-05-23 18:52:06 : Start
2022-05-23 18:52:06 : End
2022-05-23 19:37:19 : Start
2022-05-23 19:37:20 : End
2022-05-23 19:50:28 : Start
2022-05-23 19:50:30 : End
2022-05-23 22:59:10 : Start
2022-05-23 22:59:15 : End
2022-05-24 16:51:02 : Start
2022-05-24 16:51:26 : Start
2022-05-24 16:51:27 : End
2022-05-24 16:52:25 : Start
2022-05-24 16:52:27 : End
2022-05-24 16:53:18 : Start Update Symbols
2022-05-24 16:54:04 : Start Update Symbols
2022-05-24 16:55:35 : Start Update Symbols
2022-05-24 16:55:39 : End Update Symbols
2022-05-24 16:56:34 : Start Update Symbols
2022-05-24 17:02:03 : End Update Symbols
2022-05-24 18:40:25 : Start Update Company Key Stats
2022-05-24 18:40:26 : End Update Company Key Stats
2022-05-24 18:40:50 : Start Update Company Key Stats
2022-05-24 18:40:51 : End Update Company Key Stats
2022-05-24 18:56:10 : Start Update Company Key Stats
2022-05-24 18:56:11 : End Update Company Key Stats
2022-05-24 18:56:42 : Start Update Company Key Stats
2022-05-24 18:56:43 : End Update Company Key Stats
2022-05-24 18:57:01 : Start Update Company Key Stats
2022-05-24 18:57:02 : End Update Company Key Stats
2022-05-24 18:59:50 : Start Update Company Key Stats
2022-05-24 19:01:25 : Start Update Company Key Stats
2022-05-24 19:05:09 : Start Update Company Key Stats
2022-05-24 19:05:34 : Start Update Company Key Stats
2022-05-24 19:13:09 : Start Update Company Key Stats
2022-05-24 19:13:28 : Start Update Company Key Stats
2022-05-24 20:40:17 : Start Update Company Key Stats
2022-05-24 20:40:50 : Start Update Company Key Stats
2022-05-24 20:41:29 : Start Update Company Key Stats
2022-05-24 20:42:09 : Start Update Company Key Stats
2022-05-25 13:23:20 : Start Update Company Key Stats
2022-05-25 13:23:22 : End Update Company Key Stats
2022-05-25 13:31:49 : Start Update Company Key Stats
2022-05-25 13:32:05 : Start Update Company Key Stats
2022-05-25 13:40:07 : Start Update Company Key Stats
2022-05-25 13:41:31 : Start Update Company Key Stats
2022-05-25 13:41:58 : Start Update Company Key Stats
2022-05-25 13:49:44 : Start Update Company Key Stats
2022-05-25 13:51:00 : Start Update Company Key Stats
2022-05-25 13:51:31 : Start Update Company Key Stats
2022-06-05 22:42:12 : Start Update Symbols
2022-06-05 22:53:36 : Start Update Company Key Stats
2022-06-05 22:54:16 : Start Update Company Key Stats
2022-06-05 22:54:32 : Start Update Company Key Stats
2022-06-05 22:54:32 : End Update Company Key Stats
2022-06-05 22:54:44 : Start Update Company Key Stats
2022-06-05 22:54:45 : End Update Company Key Stats
2022-06-05 22:54:59 : Start Update Company Key Stats
2022-06-05 22:55:00 : End Update Company Key Stats
2022-06-05 22:58:53 : Start Update Company Key Stats
2022-06-05 22:59:27 : Start Update Company Key Stats
2022-06-05 23:00:25 : Start Update Company Key Stats
2022-06-05 23:00:26 : End Update Company Key Stats
2022-06-05 23:08:50 : Start Update Company Key Stats
2022-06-05 23:08:50 : End Update Company Key Stats
2022-06-05 23:09:05 : Start Update Company Key Stats
2022-06-05 23:09:06 : End Update Company Key Stats
2022-06-05 23:11:31 : Start Update Company Key Stats
2022-06-05 23:11:57 : Start Update Company Key Stats
2022-06-05 23:19:03 : Start Update Company Key Stats
2022-06-05 23:26:08 : Start Update Company Key Stats
2022-06-05 23:32:54 : Start Update Company Key Stats
2022-06-05 23:42:28 : Start Update Company Key Stats
2022-06-05 23:42:37 : Start Update Company Key Stats
2022-06-05 23:49:06 : Start Update Company Key Stats
2022-06-06 10:54:01 : Start Update Company Key Stats
2022-06-06 11:22:10 : Start Update Company Key Stats
2022-06-06 11:22:15 : Start Update Company Key Stats
2022-06-06 11:22:31 : Start Update Company Key Stats
2022-06-06 11:28:41 : Start Update Company Key Stats
2022-06-06 11:29:03 : Start Update Company Key Stats
2022-06-06 11:38:36 : Start Update Company Key Stats
2022-06-06 11:52:24 : Start Update Company Key Stats
2022-06-06 11:52:53 : Start Update Company Key Stats
2022-06-06 11:54:29 : Start Update Company Key Stats
2022-06-06 18:07:01 : Start Update Company Key Stats
2022-06-06 18:07:45 : Start Update Company Key Stats
2022-06-06 19:18:54 : Start Update Company Key Stats
2022-06-06 19:21:20 : Start Update Company Key Stats
2022-06-06 20:13:41 : Start Update Company Key Stats
2022-06-06 20:33:37 : Start Update Company Key Stats
2022-06-06 20:38:22 : Start Update Company Key Stats
2022-06-06 20:49:07 : Start Update Company Key Stats
2022-06-06 21:37:37 : Start Update Company Key Stats
2022-06-06 21:51:49 : Start Update Company Key Stats
2022-06-06 21:54:12 : Start Update Company Key Stats
2022-06-06 22:05:08 : Start Update Company Key Stats
2022-06-06 22:08:32 : Start Update Company Key Stats
2022-06-06 22:09:31 : Start Update Company Key Stats
2022-06-06 22:11:23 : Start Update Company Key Stats
2022-06-06 22:12:06 : Start Update Company Key Stats
2022-06-06 22:20:18 : Start Update Company Key Stats
2022-06-06 22:20:42 : Start Update Company Key Stats
2022-06-07 08:58:12 : Start Update Symbols List
2022-06-07 08:59:11 : Start Update Symbols List
2022-06-07 08:59:48 : Start Update Symbols List
2022-06-07 09:00:00 : End Update Symbols List
2022-06-07 09:08:32 : Start Update Symbols List
2022-06-07 09:08:38 : Start Update Symbols List
2022-06-07 09:10:55 : Start Update Symbols List
2022-06-07 09:11:17 : End Update Symbols List
2022-06-07 15:45:44 : Start Update Company Key Stats
2022-06-07 15:56:36 : Start Update Symbols List
2022-06-07 15:57:22 : Start Update Symbols List
2022-06-07 15:58:51 : Start Update Symbols List
2022-06-07 16:25:01 : End Update Symbols List
2022-06-10 16:57:50 : Start Basic
2022-06-10 16:57:53 : End Basic
2022-06-10 16:59:41 : Start Update Company Key Stats
2022-06-10 16:59:52 : Start Update Symbols List
2022-06-10 17:02:00 : Start Basic
2022-06-10 17:02:12 : Start Basic
2022-06-10 17:02:14 : End Basic
2022-06-10 17:06:41 : Start Basic
2022-06-10 17:06:44 : End Basic
2022-06-10 17:08:26 : Start Basic
2022-06-10 17:08:38 : Start Basic
2022-06-10 17:10:13 : Start Basic
2022-06-10 17:10:15 : End Basic
2022-06-10 17:32:39 : Start Basic
2022-06-10 17:32:41 : End Basic
2022-06-10 18:27:44 : Start Income Statement
2022-06-10 18:30:12 : Start Balance Sheet Statement
2022-06-10 18:30:34 : Start Balance Sheet Statement
2022-06-10 18:31:11 : Start Balance Sheet Statement
2022-06-10 18:33:50 : Start Cash Flow Statement
2022-06-11 14:11:44 : Start Update Balance Sheet Statement
2022-06-11 17:52:05 : Start Update Balance Sheet Statement
2022-06-11 19:10:03 : Start Update Balance Sheet Statement
2022-06-11 19:11:05 : Start Update Balance Sheet Statement
2022-06-21 18:27:40 : Start Update Income Statement
2022-06-21 20:01:09 : Start Update Symbols List
2022-06-22 21:03:53 : FXE : Start Update FX EUR
2022-06-22 21:03:54 : FXE : End Update FX EUR
2022-06-22 21:05:00 : FXE : Start Update FX EUR
2022-06-22 21:06:24 : FXE : Start Update FX EUR
2022-06-22 21:07:50 : FXE : Start Update FX EUR
2022-06-22 21:07:50 : FXE : End Update FX EUR
2022-06-22 21:10:00 : FXE : Start Update FX EUR
2022-06-22 21:10:01 : FXE : End Update FX EUR
2022-06-25 20:46:41 : FXE : Start Update FX EUR
2022-06-25 21:02:02 : FXE : Start Update FX EUR
2022-06-25 21:02:02 : FXE : End Update FX EUR
2022-06-25 21:02:28 : FXE : Start Update FX EUR
2022-06-25 21:05:56 : FXE : Start Update FX EUR
2022-06-25 21:06:47 : FXE : Start Update FX EUR
2022-06-25 21:09:55 : FXE : Start Update FX EUR
2022-06-25 21:11:21 : FXE : Start Update FX EUR
2022-06-25 21:12:39 : FXE : Start Update FX EUR
2022-06-25 21:12:40 : FXE : Currency USD not stored
2022-06-25 21:12:40 : FXE : Currency USD not stored
2022-06-25 21:12:40 : FXE : Currency USD not stored
2022-06-25 21:12:40 : FXE : Currency USD not stored
2022-06-25 21:12:40 : FXE : Currency USD not stored
2022-06-25 21:12:40 : FXE : End Update FX EUR
2022-06-25 21:12:56 : FXE : Start Update FX EUR
2022-06-25 21:14:40 : FXE : Start Update FX EUR
2022-06-25 21:18:52 : FXE : Start Update FX EUR
2022-06-25 21:18:53 : FXE : End Update FX EUR
2022-06-25 21:19:22 : FXE : Start Update FX EUR
2022-06-25 21:19:23 : FXE : End Update FX EUR
2022-06-25 21:19:45 : FXE : Start Update FX EUR
2022-06-25 21:20:32 : FXE : End Update FX EUR
2022-06-25 21:56:45 : FXE : Start Update FX EUR
2022-06-25 21:56:46 : FXE : End Update FX EUR
2022-06-25 21:58:08 : FXE : Start Update FX EUR
2022-06-25 21:58:09 : FXE : End Update FX EUR
2022-06-25 22:03:47 : FXE : Start Update FX EUR
2022-06-25 22:03:48 : FXE : End Update FX EUR
2022-06-25 22:05:54 : FXE : Start Update FX EUR
2022-06-25 22:05:54 : FXE : End Update FX EUR
2022-06-25 22:10:12 : FXE : Start Update FX EUR
2022-06-25 22:11:32 : FXE : End Update FX EUR
2022-06-25 22:16:43 : FXE : Start Update FX EUR
2022-06-25 22:16:43 : FXE : End Update FX EUR
2022-06-25 22:17:07 : FXE : Start Update FX EUR
2022-06-25 22:17:18 : FXE : End Update FX EUR
2022-06-25 22:26:41 : FXE : Start Update FX EUR
2022-06-25 22:27:14 : FXE : End Update FX EUR
2022-06-25 22:29:25 : FXE : Start Update FX EUR
2022-06-25 22:29:47 : FXE : End Update FX EUR
2022-06-25 22:31:18 : FXE : Start Update FX EUR
2022-06-25 22:36:30 : FXE : End Update FX EUR
2022-06-25 22:37:15 : FXE : Start Update FX EUR
2022-06-25 22:37:19 : FXE : End Update FX EUR
2022-06-26 15:18:42 : FXE : Start Update FX EUR
2022-06-26 15:25:34 : FXE : Start Update FX EUR
2022-06-26 15:27:08 : FXE : Start Update FX EUR
2022-06-26 15:27:31 : FXE : Start Update FX EUR
2022-06-26 15:29:56 : FXE : Start Update FX EUR
2022-06-26 15:30:52 : FXE : Start Update FX EUR
2022-06-26 15:32:56 : FXE : Start Update FX EUR
2022-06-26 15:33:54 : FXE : Start Update FX EUR
2022-06-26 15:34:42 : FXE : Start Update FX EUR
2022-06-26 15:35:07 : FXE : End Update FX EUR
2022-06-26 15:40:35 : FXE : Start Update FX EUR
2022-06-26 15:50:14 : FXE : End Update FX EUR
2022-06-26 15:51:19 : FXE : Start Update FX EUR
2022-06-26 15:52:59 : FXE : Start Update FX EUR
2022-06-26 15:53:19 : FXE : Start Update FX EUR
2022-06-26 15:53:41 : FXE : End Update FX EUR
2022-06-26 16:01:02 : FXE : Start Update FX EUR
2022-06-26 16:01:42 : FXE : Start Update FX EUR
2022-06-26 16:02:12 : FXE : End Update FX EUR
2022-06-29 23:54:58 : UQS : Start Update Quote Stream
2022-06-30 00:10:30 : UFS : Start Update FX Stream
2022-06-30 00:13:21 : UFS : Start Update FX Stream
2022-06-30 00:13:33 : UFS : Start Update FX Stream
2022-06-30 00:16:07 : UFS : Start Update FX Stream
2022-06-30 00:18:02 : UFS : Start Update FX Stream
2022-06-30 00:20:38 : UFS : Start Update FX Stream
2022-06-30 00:20:50 : UFS : Start Update FX Stream
